<?xml version="1.0" encoding="UTF-8"?>
<!-- Generated by org.testng.reporters.JUnitReportReporter -->
<testsuite hostname="shubhanshus-MacBook-Pro.local" failures="0" tests="1" name="com.wallethub.tests.ReviewSubmissionTest" time="12.078" errors="0" timestamp="2022-06-05T12:15:31 IST" skipped="0">
  <testcase classname="com.wallethub.tests.ReviewSubmissionTest" name="submitReviewTest" time="12.078"/>
  <system-out/>
</testsuite> <!-- com.wallethub.tests.ReviewSubmissionTest -->
