<?xml version="1.0" encoding="UTF-8"?>
<!-- Generated by org.testng.reporters.JUnitReportReporter -->
<testsuite hostname="shubhanshus-MacBook-Pro.local" failures="0" tests="1" name="com.wallethub.tests.FacebookTest" time="6.649" errors="0" timestamp="2022-06-04T14:02:56 IST" skipped="0">
  <testcase classname="com.wallethub.tests.FacebookTest" name="facebookPostTest" time="6.649"/>
  <system-out/>
</testsuite> <!-- com.wallethub.tests.FacebookTest -->
